<?xml version="1.0" encoding="UTF-8"?>
<!-- Generated by org.testng.reporters.JUnitReportReporter -->
<testsuite hostname="Haseebs-Air.hsd1.va.comcast.net" failures="0" tests="1" name="testCases.AddEmployeeTest" time="19.803" errors="0" timestamp="2021-10-23T14:35:14 EDT" skipped="0">
  <testcase classname="testCases.AddEmployeeTest" name="addEmployee" time="19.803"/>
  <system-out/>
</testsuite> <!-- testCases.AddEmployeeTest -->
