<?xml version="1.0" encoding="UTF-8"?>
<!-- Generated by org.testng.reporters.JUnitReportReporter -->
<testsuite hostname="Haseebs-Air.hsd1.va.comcast.net" failures="0" tests="4" name="testCases.LoginTest" time="36.521" errors="0" timestamp="2021-10-23T14:35:14 EDT" skipped="0">
  <testcase classname="testCases.LoginTest" name="invalidLoginErrorMessageValidation" time="7.754"/>
  <system-out/>
  <testcase classname="testCases.LoginTest" name="invalidLoginErrorMessageValidation" time="11.919"/>
  <system-out/>
  <testcase classname="testCases.LoginTest" name="invalidLoginErrorMessageValidation" time="8.622"/>
  <system-out/>
  <testcase classname="testCases.LoginTest" name="invalidLoginErrorMessageValidation" time="8.226"/>
  <system-out/>
</testsuite> <!-- testCases.LoginTest -->
